<?xml version="1.0" encoding="UTF-8"?>
<testsuite name="com.jojoldu.book.springboot.HelloControllerTest" tests="2" skipped="0" failures="0" errors="0" timestamp="2022-03-28T16:45:46" hostname="DESKTOP-R1ERDMJ" time="0.316">
  <properties/>
  <testcase name="hello가_리턴된다()" classname="com.jojoldu.book.springboot.HelloControllerTest" time="0.145"/>
  <testcase name="helloDto가_리턴된다()" classname="com.jojoldu.book.springboot.HelloControllerTest" time="0.169"/>
  <system-out><![CDATA[2022-03-29 01:45:44.811  INFO 16896 --- [    Test worker] .b.t.a.w.s.WebMvcTestContextBootstrapper : Neither @ContextConfiguration nor @ContextHierarchy found for test class [com.jojoldu.book.springboot.HelloControllerTest], using SpringBootContextLoader
2022-03-29 01:45:44.813  INFO 16896 --- [    Test worker] o.s.t.c.support.AbstractContextLoader    : Could not detect default resource locations for test class [com.jojoldu.book.springboot.HelloControllerTest]: no resource found for suffixes {-context.xml, Context.groovy}.
2022-03-29 01:45:44.813  INFO 16896 --- [    Test worker] t.c.s.AnnotationConfigContextLoaderUtils : Could not detect default configuration classes for test class [com.jojoldu.book.springboot.HelloControllerTest]: HelloControllerTest does not declare any static, non-private, non-final, nested classes annotated with @Configuration.
2022-03-29 01:45:44.846  INFO 16896 --- [    Test worker] .b.t.c.SpringBootTestContextBootstrapper : Found @SpringBootConfiguration com.jojoldu.book.springboot.Application for test class com.jojoldu.book.springboot.HelloControllerTest
2022-03-29 01:45:44.848  INFO 16896 --- [    Test worker] .b.t.a.w.s.WebMvcTestContextBootstrapper : Loaded default TestExecutionListener class names from location [META-INF/spring.factories]: [org.springframework.security.test.context.support.WithSecurityContextTestExecutionListener, org.springframework.security.test.context.support.ReactorContextTestExecutionListener, org.springframework.boot.test.autoconfigure.restdocs.RestDocsTestExecutionListener, org.springframework.boot.test.autoconfigure.web.client.MockRestServiceServerResetTestExecutionListener, org.springframework.boot.test.autoconfigure.web.servlet.MockMvcPrintOnlyOnFailureTestExecutionListener, org.springframework.boot.test.autoconfigure.web.servlet.WebDriverTestExecutionListener, org.springframework.boot.test.autoconfigure.webservices.client.MockWebServiceServerTestExecutionListener, org.springframework.boot.test.mock.mockito.MockitoTestExecutionListener, org.springframework.boot.test.mock.mockito.ResetMocksTestExecutionListener, org.springframework.test.context.web.ServletTestExecutionListener, org.springframework.test.context.support.DirtiesContextBeforeModesTestExecutionListener, org.springframework.test.context.support.DependencyInjectionTestExecutionListener, org.springframework.test.context.support.DirtiesContextTestExecutionListener, org.springframework.test.context.transaction.TransactionalTestExecutionListener, org.springframework.test.context.jdbc.SqlScriptsTestExecutionListener, org.springframework.test.context.event.EventPublishingTestExecutionListener]
2022-03-29 01:45:44.851  INFO 16896 --- [    Test worker] .b.t.a.w.s.WebMvcTestContextBootstrapper : Using TestExecutionListeners: [org.springframework.test.context.web.ServletTestExecutionListener@3fd200b3, org.springframework.test.context.support.DirtiesContextBeforeModesTestExecutionListener@687aaa8f, org.springframework.boot.test.mock.mockito.MockitoTestExecutionListener@15826cbd, org.springframework.boot.test.autoconfigure.SpringBootDependencyInjectionTestExecutionListener@5a9139f3, org.springframework.test.context.support.DirtiesContextTestExecutionListener@75e97d8a, org.springframework.test.context.transaction.TransactionalTestExecutionListener@487a9f6a, org.springframework.test.context.jdbc.SqlScriptsTestExecutionListener@4e1bf55c, org.springframework.security.test.context.support.WithSecurityContextTestExecutionListener@1d9613cd, org.springframework.test.context.event.EventPublishingTestExecutionListener@232d38d8, org.springframework.security.test.context.support.ReactorContextTestExecutionListener@3f306218, org.springframework.boot.test.autoconfigure.restdocs.RestDocsTestExecutionListener@2e90c1b7, org.springframework.boot.test.autoconfigure.web.client.MockRestServiceServerResetTestExecutionListener@335b7d3, org.springframework.boot.test.autoconfigure.web.servlet.MockMvcPrintOnlyOnFailureTestExecutionListener@4914b495, org.springframework.boot.test.autoconfigure.web.servlet.WebDriverTestExecutionListener@75883f0d, org.springframework.boot.test.autoconfigure.webservices.client.MockWebServiceServerTestExecutionListener@5dbdc572, org.springframework.boot.test.mock.mockito.ResetMocksTestExecutionListener@73186a39]

  .   ____          _            __ _ _
 /\\ / ___'_ __ _ _(_)_ __  __ _ \ \ \ \
( ( )\___ | '_ | '_| | '_ \/ _` | \ \ \ \
 \\/  ___)| |_)| | | | | || (_| |  ) ) ) )
  '  |____| .__|_| |_|_| |_\__, | / / / /
 =========|_|==============|___/=/_/_/_/
 :: Spring Boot ::                (v2.4.1)

2022-03-29 01:45:44.901  INFO 16896 --- [    Test worker] c.j.book.springboot.HelloControllerTest  : Starting HelloControllerTest using Java 11.0.13 on DESKTOP-R1ERDMJ with PID 16896 (started by javapro in C:\Users\javapro\Documents\git\book\projects\freelec-springboot2-webservice)
2022-03-29 01:45:44.905  INFO 16896 --- [    Test worker] c.j.book.springboot.HelloControllerTest  : No active profile set, falling back to default profiles: default
2022-03-29 01:45:45.614  INFO 16896 --- [    Test worker] o.s.s.concurrent.ThreadPoolTaskExecutor  : Initializing ExecutorService 'applicationTaskExecutor'
2022-03-29 01:45:45.716  INFO 16896 --- [    Test worker] o.s.b.a.w.s.WelcomePageHandlerMapping    : Adding welcome page template: index
2022-03-29 01:45:46.236  INFO 16896 --- [    Test worker] o.s.s.web.DefaultSecurityFilterChain     : Will secure any request with [org.springframework.security.web.context.request.async.WebAsyncManagerIntegrationFilter@f0683a, org.springframework.security.web.context.SecurityContextPersistenceFilter@1883b3cb, org.springframework.security.web.header.HeaderWriterFilter@4e9415af, org.springframework.security.web.csrf.CsrfFilter@7f7bf1d3, org.springframework.security.web.authentication.logout.LogoutFilter@6d0e3c64, org.springframework.security.oauth2.client.web.OAuth2AuthorizationRequestRedirectFilter@2b5bab31, org.springframework.security.oauth2.client.web.OAuth2AuthorizationRequestRedirectFilter@38d5a462, org.springframework.security.oauth2.client.web.OAuth2LoginAuthenticationFilter@55c85a87, org.springframework.security.web.authentication.ui.DefaultLoginPageGeneratingFilter@26181744, org.springframework.security.web.authentication.ui.DefaultLogoutPageGeneratingFilter@343e4068, org.springframework.security.web.savedrequest.RequestCacheAwareFilter@7a862b7a, org.springframework.security.web.servletapi.SecurityContextHolderAwareRequestFilter@14d160e8, org.springframework.security.web.authentication.AnonymousAuthenticationFilter@4ca14149, org.springframework.security.oauth2.client.web.OAuth2AuthorizationCodeGrantFilter@63829ccc, org.springframework.security.web.session.SessionManagementFilter@ece5eba, org.springframework.security.web.access.ExceptionTranslationFilter@6e4194dd, org.springframework.security.web.access.intercept.FilterSecurityInterceptor@1d165e51]
2022-03-29 01:45:46.389  INFO 16896 --- [    Test worker] o.s.b.t.m.w.SpringBootMockServletContext : Initializing Spring TestDispatcherServlet ''
2022-03-29 01:45:46.389  INFO 16896 --- [    Test worker] o.s.t.web.servlet.TestDispatcherServlet  : Initializing Servlet ''
2022-03-29 01:45:46.393  INFO 16896 --- [    Test worker] o.s.t.web.servlet.TestDispatcherServlet  : Completed initialization in 1 ms
2022-03-29 01:45:46.418  INFO 16896 --- [    Test worker] c.j.book.springboot.HelloControllerTest  : Started HelloControllerTest in 1.56 seconds (JVM running for 11.054)
]]></system-out>
  <system-err><![CDATA[]]></system-err>
</testsuite>
